  Type.cpp
f:\vs2017\python\python\type.cpp(25): warning C4018: “<”: 有符号/无符号不匹配
f:\vs2017\python\python\type.cpp(34): warning C4018: “>”: 有符号/无符号不匹配
  正在生成代码...
  正在编译...
  python.cpp
f:\vs2017\python\python\python.cpp(28): warning C4244: “=”: 从“int”转换到“float”，可能丢失数据
f:\vs2017\python\python\python.cpp(41): warning C4244: “=”: 从“int”转换到“float”，可能丢失数据
f:\vs2017\python\python\python.cpp(179): warning C4244: “参数”: 从“double”转换到“float”，可能丢失数据
  main.cpp
  list.cpp
f:\vs2017\python\python\list.cpp(11): warning C4018: “<”: 有符号/无符号不匹配
f:\vs2017\python\python\list.cpp(20): warning C4018: “>”: 有符号/无符号不匹配
f:\vs2017\python\python\list.cpp(87): warning C4018: “>=”: 有符号/无符号不匹配
f:\vs2017\python\python\list.cpp(151): warning C4018: “<”: 有符号/无符号不匹配
f:\vs2017\python\python\list.cpp(156): warning C4018: “>”: 有符号/无符号不匹配
f:\vs2017\python\python\list.cpp(205): warning C4018: “<”: 有符号/无符号不匹配
f:\vs2017\python\python\list.cpp(213): warning C4018: “<”: 有符号/无符号不匹配
f:\vs2017\python\python\list.cpp(250): warning C4018: “>=”: 有符号/无符号不匹配
f:\vs2017\python\python\list.cpp(285): warning C4018: “>”: 有符号/无符号不匹配
f:\vs2017\python\python\list.cpp(301): warning C4018: “>=”: 有符号/无符号不匹配
  group.cpp
f:\vs2017\python\python\group.cpp(10): warning C4018: “<”: 有符号/无符号不匹配
f:\vs2017\python\python\group.cpp(19): warning C4018: “>”: 有符号/无符号不匹配
f:\vs2017\python\python\group.cpp(86): warning C4018: “>=”: 有符号/无符号不匹配
f:\vs2017\python\python\group.cpp(148): warning C4018: “<”: 有符号/无符号不匹配
f:\vs2017\python\python\group.cpp(153): warning C4018: “>”: 有符号/无符号不匹配
f:\vs2017\python\python\group.cpp(165): warning C4018: “<”: 有符号/无符号不匹配
f:\vs2017\python\python\group.cpp(180): warning C4018: “<”: 有符号/无符号不匹配
  function.cpp
f:\vs2017\python\python\function.cpp(66): warning C4244: “=”: 从“int”转换到“float”，可能丢失数据
  正在生成代码...
  PYTHON.vcxproj -> F:\VS2017\Python\Debug\PYTHON.exe
  PYTHON.vcxproj -> F:\VS2017\Python\Debug\PYTHON.pdb (Partial PDB)
